The system is: Linux - 2.6.32-642.6.2.el6.x86_64 - x86_64
Compiling the C compiler identification source file "CMakeCCompilerId.c" succeeded.
Compiler: /cvmfs/cms.cern.ch/slc6_amd64_gcc491/external/gcc/4.9.1-cms/bin/cc 
Build flags: 
Id flags: 

The output was:
0


Compilation of the C compiler identification source "CMakeCCompilerId.c" produced "a.out"

The C compiler identification is GNU, found in "/home/ahorst/UMDSRDGEStudy/CMakeFiles/2.8.10/CompilerIdC/a.out"

Compiling the CXX compiler identification source file "CMakeCXXCompilerId.cpp" succeeded.
Compiler: /cvmfs/cms.cern.ch/slc6_amd64_gcc491/external/gcc/4.9.1-cms/bin/c++ 
Build flags: 
Id flags: 

The output was:
0


Compilation of the CXX compiler identification source "CMakeCXXCompilerId.cpp" produced "a.out"

The CXX compiler identification is GNU, found in "/home/ahorst/UMDSRDGEStudy/CMakeFiles/2.8.10/CompilerIdCXX/a.out"

Determining if the C compiler works passed with the following output:
Change Dir: /home/ahorst/UMDSRDGEStudy/CMakeFiles/CMakeTmp

Run Build Command:/cvmfs/cms.cern.ch/slc6_amd64_gcc491/cms/cmssw/CMSSW_7_4_0/external/slc6_amd64_gcc491/bin/gmake "cmTryCompileExec1861823546/fast"
/cvmfs/cms.cern.ch/slc6_amd64_gcc491/cms/cmssw/CMSSW_7_4_0/external/slc6_amd64_gcc491/bin/gmake -f CMakeFiles/cmTryCompileExec1861823546.dir/build.make CMakeFiles/cmTryCompileExec1861823546.dir/build
gmake: Warning: File `Makefile' has modification time 16 s in the future
gmake[1]: Entering directory `/home/ahorst/UMDSRDGEStudy/CMakeFiles/CMakeTmp'
gmake[1]: Warning: File `CMakeFiles/cmTryCompileExec1861823546.dir/flags.make' has modification time 16 s in the future
/cvmfs/cms.cern.ch/slc6_amd64_gcc491/external/cmake/2.8.10-cms/bin/cmake -E cmake_progress_report /home/ahorst/UMDSRDGEStudy/CMakeFiles/CMakeTmp/CMakeFiles 1
Building C object CMakeFiles/cmTryCompileExec1861823546.dir/testCCompiler.c.o
/cvmfs/cms.cern.ch/slc6_amd64_gcc491/external/gcc/4.9.1-cms/bin/cc    -o CMakeFiles/cmTryCompileExec1861823546.dir/testCCompiler.c.o   -c /home/ahorst/UMDSRDGEStudy/CMakeFiles/CMakeTmp/testCCompiler.c
Linking C executable cmTryCompileExec1861823546
/cvmfs/cms.cern.ch/slc6_amd64_gcc491/external/cmake/2.8.10-cms/bin/cmake -E cmake_link_script CMakeFiles/cmTryCompileExec1861823546.dir/link.txt --verbose=1
/cvmfs/cms.cern.ch/slc6_amd64_gcc491/external/gcc/4.9.1-cms/bin/cc         CMakeFiles/cmTryCompileExec1861823546.dir/testCCompiler.c.o  -o cmTryCompileExec1861823546 -rdynamic 
gmake[1]: Leaving directory `/home/ahorst/UMDSRDGEStudy/CMakeFiles/CMakeTmp'
gmake[1]: warning:  Clock skew detected.  Your build may be incomplete.
gmake: warning:  Clock skew detected.  Your build may be incomplete.


Detecting C compiler ABI info compiled with the following output:
Change Dir: /home/ahorst/UMDSRDGEStudy/CMakeFiles/CMakeTmp

Run Build Command:/cvmfs/cms.cern.ch/slc6_amd64_gcc491/cms/cmssw/CMSSW_7_4_0/external/slc6_amd64_gcc491/bin/gmake "cmTryCompileExec1720299463/fast"
/cvmfs/cms.cern.ch/slc6_amd64_gcc491/cms/cmssw/CMSSW_7_4_0/external/slc6_amd64_gcc491/bin/gmake -f CMakeFiles/cmTryCompileExec1720299463.dir/build.make CMakeFiles/cmTryCompileExec1720299463.dir/build
gmake: Warning: File `Makefile' has modification time 16 s in the future
gmake[1]: Entering directory `/home/ahorst/UMDSRDGEStudy/CMakeFiles/CMakeTmp'
gmake[1]: Warning: File `CMakeFiles/cmTryCompileExec1720299463.dir/flags.make' has modification time 16 s in the future
/cvmfs/cms.cern.ch/slc6_amd64_gcc491/external/cmake/2.8.10-cms/bin/cmake -E cmake_progress_report /home/ahorst/UMDSRDGEStudy/CMakeFiles/CMakeTmp/CMakeFiles 1
Building C object CMakeFiles/cmTryCompileExec1720299463.dir/CMakeCCompilerABI.c.o
/cvmfs/cms.cern.ch/slc6_amd64_gcc491/external/gcc/4.9.1-cms/bin/cc    -o CMakeFiles/cmTryCompileExec1720299463.dir/CMakeCCompilerABI.c.o   -c /cvmfs/cms.cern.ch/slc6_amd64_gcc491/external/cmake/2.8.10-cms/share/cmake-2.8/Modules/CMakeCCompilerABI.c
Linking C executable cmTryCompileExec1720299463
/cvmfs/cms.cern.ch/slc6_amd64_gcc491/external/cmake/2.8.10-cms/bin/cmake -E cmake_link_script CMakeFiles/cmTryCompileExec1720299463.dir/link.txt --verbose=1
/cvmfs/cms.cern.ch/slc6_amd64_gcc491/external/gcc/4.9.1-cms/bin/cc       -v CMakeFiles/cmTryCompileExec1720299463.dir/CMakeCCompilerABI.c.o  -o cmTryCompileExec1720299463 -rdynamic  
Using built-in specs.
COLLECT_GCC=/cvmfs/cms.cern.ch/slc6_amd64_gcc491/external/gcc/4.9.1-cms/bin/cc
COLLECT_LTO_WRAPPER=/cvmfs/cms.cern.ch/slc6_amd64_gcc491/external/gcc/4.9.1-cms/bin/../libexec/gcc/x86_64-redhat-linux-gnu/4.9.1/lto-wrapper
Target: x86_64-redhat-linux-gnu
Configured with: ../configure --prefix=/build/dmendezl/CMSSW_7_2_0_pre4-build/tmp/BUILDROOT/339bf9a4281bb3f3d22291ab510a30f8/opt/cmssw/slc6_amd64_gcc491/external/gcc/4.9.1-cms --disable-multilib --disable-nls --with-system-zlib --disable-dssi --enable-languages=c,c++,fortran --enable-__cxa_atexit --disable-libunwind-exceptions --enable-gnu-unique-object --enable-plugin --with-linker-hash-style=gnu --enable-linker-build-id --enable-gold=yes --enable-ld=default --enable-lto --with-gmp=/build/dmendezl/CMSSW_7_2_0_pre4-build/tmp/BUILDROOT/339bf9a4281bb3f3d22291ab510a30f8/opt/cmssw/slc6_amd64_gcc491/external/gcc/4.9.1-cms --with-mpfr=/build/dmendezl/CMSSW_7_2_0_pre4-build/tmp/BUILDROOT/339bf9a4281bb3f3d22291ab510a30f8/opt/cmssw/slc6_amd64_gcc491/external/gcc/4.9.1-cms --with-mpc=/build/dmendezl/CMSSW_7_2_0_pre4-build/tmp/BUILDROOT/339bf9a4281bb3f3d22291ab510a30f8/opt/cmssw/slc6_amd64_gcc491/external/gcc/4.9.1-cms --with-isl=/build/dmendezl/CMSSW_7_2_0_pre4-build/tmp/BUILDROOT/339bf9a4281bb3f3d22291ab510a30f8/opt/cmssw/slc6_amd64_gcc491/external/gcc/4.9.1-cms --with-cloog=/build/dmendezl/CMSSW_7_2_0_pre4-build/tmp/BUILDROOT/339bf9a4281bb3f3d22291ab510a30f8/opt/cmssw/slc6_amd64_gcc491/external/gcc/4.9.1-cms --enable-checking=release --build=x86_64-redhat-linux-gnu --host=x86_64-redhat-linux-gnu --enable-libstdcxx-time=rt --enable-shared CC='gcc -fPIC' CXX='c++ -fPIC' CPP=cpp CXXCPP='c++ -E' CFLAGS=-I/build/dmendezl/CMSSW_7_2_0_pre4-build/tmp/BUILDROOT/339bf9a4281bb3f3d22291ab510a30f8/opt/cmssw/slc6_amd64_gcc491/external/gcc/4.9.1-cms/tmp/sw/include CXXFLAGS=-I/build/dmendezl/CMSSW_7_2_0_pre4-build/tmp/BUILDROOT/339bf9a4281bb3f3d22291ab510a30f8/opt/cmssw/slc6_amd64_gcc491/external/gcc/4.9.1-cms/tmp/sw/include LDFLAGS=-L/build/dmendezl/CMSSW_7_2_0_pre4-build/tmp/BUILDROOT/339bf9a4281bb3f3d22291ab510a30f8/opt/cmssw/slc6_amd64_gcc491/external/gcc/4.9.1-cms/tmp/sw/lib
Thread model: posix
gcc version 4.9.1 (GCC) 
COMPILER_PATH=/cvmfs/cms.cern.ch/slc6_amd64_gcc491/external/gcc/4.9.1-cms/bin/../libexec/gcc/x86_64-redhat-linux-gnu/4.9.1/:/cvmfs/cms.cern.ch/slc6_amd64_gcc491/external/gcc/4.9.1-cms/bin/../libexec/gcc/:/cvmfs/cms.cern.ch/slc6_amd64_gcc491/external/gcc/4.9.1-cms/bin/../lib/gcc/x86_64-redhat-linux-gnu/4.9.1/../../../../x86_64-redhat-linux-gnu/bin/
LIBRARY_PATH=/cvmfs/cms.cern.ch/slc6_amd64_gcc491/external/gcc/4.9.1-cms/bin/../lib/gcc/x86_64-redhat-linux-gnu/4.9.1/:/cvmfs/cms.cern.ch/slc6_amd64_gcc491/external/gcc/4.9.1-cms/bin/../lib/gcc/:/cvmfs/cms.cern.ch/slc6_amd64_gcc491/external/gcc/4.9.1-cms/bin/../lib/gcc/x86_64-redhat-linux-gnu/4.9.1/../../../../lib64/:/lib/../lib64/:/usr/lib/../lib64/:/cvmfs/cms.cern.ch/slc6_amd64_gcc491/external/gcc/4.9.1-cms/bin/../lib/gcc/x86_64-redhat-linux-gnu/4.9.1/../../../../x86_64-redhat-linux-gnu/lib/:/cvmfs/cms.cern.ch/slc6_amd64_gcc491/external/gcc/4.9.1-cms/bin/../lib/gcc/x86_64-redhat-linux-gnu/4.9.1/../../../:/lib/:/usr/lib/
COLLECT_GCC_OPTIONS='-v' '-o' 'cmTryCompileExec1720299463' '-rdynamic' '-mtune=generic' '-march=x86-64'
 /cvmfs/cms.cern.ch/slc6_amd64_gcc491/external/gcc/4.9.1-cms/bin/../libexec/gcc/x86_64-redhat-linux-gnu/4.9.1/collect2 -plugin /cvmfs/cms.cern.ch/slc6_amd64_gcc491/external/gcc/4.9.1-cms/bin/../libexec/gcc/x86_64-redhat-linux-gnu/4.9.1/liblto_plugin.so -plugin-opt=/cvmfs/cms.cern.ch/slc6_amd64_gcc491/external/gcc/4.9.1-cms/bin/../libexec/gcc/x86_64-redhat-linux-gnu/4.9.1/lto-wrapper -plugin-opt=-fresolution=/tmp/ccKNqGaV.res -plugin-opt=-pass-through=-lgcc -plugin-opt=-pass-through=-lgcc_s -plugin-opt=-pass-through=-lc -plugin-opt=-pass-through=-lgcc -plugin-opt=-pass-through=-lgcc_s --build-id --eh-frame-hdr --hash-style=gnu -m elf_x86_64 -export-dynamic -dynamic-linker /lib64/ld-linux-x86-64.so.2 -z common-page-size=4096 -z max-page-size=4096 -o cmTryCompileExec1720299463 /usr/lib/../lib64/crt1.o /usr/lib/../lib64/crti.o /cvmfs/cms.cern.ch/slc6_amd64_gcc491/external/gcc/4.9.1-cms/bin/../lib/gcc/x86_64-redhat-linux-gnu/4.9.1/crtbegin.o -L/cvmfs/cms.cern.ch/slc6_amd64_gcc491/external/gcc/4.9.1-cms/bin/../lib/gcc/x86_64-redhat-linux-gnu/4.9.1 -L/cvmfs/cms.cern.ch/slc6_amd64_gcc491/external/gcc/4.9.1-cms/bin/../lib/gcc -L/cvmfs/cms.cern.ch/slc6_amd64_gcc491/external/gcc/4.9.1-cms/bin/../lib/gcc/x86_64-redhat-linux-gnu/4.9.1/../../../../lib64 -L/lib/../lib64 -L/usr/lib/../lib64 -L/cvmfs/cms.cern.ch/slc6_amd64_gcc491/external/gcc/4.9.1-cms/bin/../lib/gcc/x86_64-redhat-linux-gnu/4.9.1/../../../../x86_64-redhat-linux-gnu/lib -L/cvmfs/cms.cern.ch/slc6_amd64_gcc491/external/gcc/4.9.1-cms/bin/../lib/gcc/x86_64-redhat-linux-gnu/4.9.1/../../.. CMakeFiles/cmTryCompileExec1720299463.dir/CMakeCCompilerABI.c.o -lgcc --as-needed -lgcc_s --no-as-needed -lc -lgcc --as-needed -lgcc_s --no-as-needed /cvmfs/cms.cern.ch/slc6_amd64_gcc491/external/gcc/4.9.1-cms/bin/../lib/gcc/x86_64-redhat-linux-gnu/4.9.1/crtend.o /usr/lib/../lib64/crtn.o
gmake[1]: Leaving directory `/home/ahorst/UMDSRDGEStudy/CMakeFiles/CMakeTmp'
gmake[1]: warning:  Clock skew detected.  Your build may be incomplete.
gmake: warning:  Clock skew detected.  Your build may be incomplete.


Parsed C implicit link information from above output:
  link line regex: [^( *|.*[/\])(ld|ld|collect2)[^/\]*( |$)]
  ignore line: [Change Dir: /home/ahorst/UMDSRDGEStudy/CMakeFiles/CMakeTmp]
  ignore line: []
  ignore line: [Run Build Command:/cvmfs/cms.cern.ch/slc6_amd64_gcc491/cms/cmssw/CMSSW_7_4_0/external/slc6_amd64_gcc491/bin/gmake "cmTryCompileExec1720299463/fast"]
  ignore line: [/cvmfs/cms.cern.ch/slc6_amd64_gcc491/cms/cmssw/CMSSW_7_4_0/external/slc6_amd64_gcc491/bin/gmake -f CMakeFiles/cmTryCompileExec1720299463.dir/build.make CMakeFiles/cmTryCompileExec1720299463.dir/build]
  ignore line: [gmake: Warning: File `Makefile' has modification time 16 s in the future]
  ignore line: [gmake[1]: Entering directory `/home/ahorst/UMDSRDGEStudy/CMakeFiles/CMakeTmp']
  ignore line: [gmake[1]: Warning: File `CMakeFiles/cmTryCompileExec1720299463.dir/flags.make' has modification time 16 s in the future]
  ignore line: [/cvmfs/cms.cern.ch/slc6_amd64_gcc491/external/cmake/2.8.10-cms/bin/cmake -E cmake_progress_report /home/ahorst/UMDSRDGEStudy/CMakeFiles/CMakeTmp/CMakeFiles 1]
  ignore line: [Building C object CMakeFiles/cmTryCompileExec1720299463.dir/CMakeCCompilerABI.c.o]
  ignore line: [/cvmfs/cms.cern.ch/slc6_amd64_gcc491/external/gcc/4.9.1-cms/bin/cc    -o CMakeFiles/cmTryCompileExec1720299463.dir/CMakeCCompilerABI.c.o   -c /cvmfs/cms.cern.ch/slc6_amd64_gcc491/external/cmake/2.8.10-cms/share/cmake-2.8/Modules/CMakeCCompilerABI.c]
  ignore line: [Linking C executable cmTryCompileExec1720299463]
  ignore line: [/cvmfs/cms.cern.ch/slc6_amd64_gcc491/external/cmake/2.8.10-cms/bin/cmake -E cmake_link_script CMakeFiles/cmTryCompileExec1720299463.dir/link.txt --verbose=1]
  ignore line: [/cvmfs/cms.cern.ch/slc6_amd64_gcc491/external/gcc/4.9.1-cms/bin/cc       -v CMakeFiles/cmTryCompileExec1720299463.dir/CMakeCCompilerABI.c.o  -o cmTryCompileExec1720299463 -rdynamic  ]
  ignore line: [Using built-in specs.]
  ignore line: [COLLECT_GCC=/cvmfs/cms.cern.ch/slc6_amd64_gcc491/external/gcc/4.9.1-cms/bin/cc]
  ignore line: [COLLECT_LTO_WRAPPER=/cvmfs/cms.cern.ch/slc6_amd64_gcc491/external/gcc/4.9.1-cms/bin/../libexec/gcc/x86_64-redhat-linux-gnu/4.9.1/lto-wrapper]
  ignore line: [Target: x86_64-redhat-linux-gnu]
  ignore line: [Configured with: ../configure --prefix=/build/dmendezl/CMSSW_7_2_0_pre4-build/tmp/BUILDROOT/339bf9a4281bb3f3d22291ab510a30f8/opt/cmssw/slc6_amd64_gcc491/external/gcc/4.9.1-cms --disable-multilib --disable-nls --with-system-zlib --disable-dssi --enable-languages=c,c++,fortran --enable-__cxa_atexit --disable-libunwind-exceptions --enable-gnu-unique-object --enable-plugin --with-linker-hash-style=gnu --enable-linker-build-id --enable-gold=yes --enable-ld=default --enable-lto --with-gmp=/build/dmendezl/CMSSW_7_2_0_pre4-build/tmp/BUILDROOT/339bf9a4281bb3f3d22291ab510a30f8/opt/cmssw/slc6_amd64_gcc491/external/gcc/4.9.1-cms --with-mpfr=/build/dmendezl/CMSSW_7_2_0_pre4-build/tmp/BUILDROOT/339bf9a4281bb3f3d22291ab510a30f8/opt/cmssw/slc6_amd64_gcc491/external/gcc/4.9.1-cms --with-mpc=/build/dmendezl/CMSSW_7_2_0_pre4-build/tmp/BUILDROOT/339bf9a4281bb3f3d22291ab510a30f8/opt/cmssw/slc6_amd64_gcc491/external/gcc/4.9.1-cms --with-isl=/build/dmendezl/CMSSW_7_2_0_pre4-build/tmp/BUILDROOT/339bf9a4281bb3f3d22291ab510a30f8/opt/cmssw/slc6_amd64_gcc491/external/gcc/4.9.1-cms --with-cloog=/build/dmendezl/CMSSW_7_2_0_pre4-build/tmp/BUILDROOT/339bf9a4281bb3f3d22291ab510a30f8/opt/cmssw/slc6_amd64_gcc491/external/gcc/4.9.1-cms --enable-checking=release --build=x86_64-redhat-linux-gnu --host=x86_64-redhat-linux-gnu --enable-libstdcxx-time=rt --enable-shared CC='gcc -fPIC' CXX='c++ -fPIC' CPP=cpp CXXCPP='c++ -E' CFLAGS=-I/build/dmendezl/CMSSW_7_2_0_pre4-build/tmp/BUILDROOT/339bf9a4281bb3f3d22291ab510a30f8/opt/cmssw/slc6_amd64_gcc491/external/gcc/4.9.1-cms/tmp/sw/include CXXFLAGS=-I/build/dmendezl/CMSSW_7_2_0_pre4-build/tmp/BUILDROOT/339bf9a4281bb3f3d22291ab510a30f8/opt/cmssw/slc6_amd64_gcc491/external/gcc/4.9.1-cms/tmp/sw/include LDFLAGS=-L/build/dmendezl/CMSSW_7_2_0_pre4-build/tmp/BUILDROOT/339bf9a4281bb3f3d22291ab510a30f8/opt/cmssw/slc6_amd64_gcc491/external/gcc/4.9.1-cms/tmp/sw/lib]
  ignore line: [Thread model: posix]
  ignore line: [gcc version 4.9.1 (GCC) ]
  ignore line: [COMPILER_PATH=/cvmfs/cms.cern.ch/slc6_amd64_gcc491/external/gcc/4.9.1-cms/bin/../libexec/gcc/x86_64-redhat-linux-gnu/4.9.1/:/cvmfs/cms.cern.ch/slc6_amd64_gcc491/external/gcc/4.9.1-cms/bin/../libexec/gcc/:/cvmfs/cms.cern.ch/slc6_amd64_gcc491/external/gcc/4.9.1-cms/bin/../lib/gcc/x86_64-redhat-linux-gnu/4.9.1/../../../../x86_64-redhat-linux-gnu/bin/]
  ignore line: [LIBRARY_PATH=/cvmfs/cms.cern.ch/slc6_amd64_gcc491/external/gcc/4.9.1-cms/bin/../lib/gcc/x86_64-redhat-linux-gnu/4.9.1/:/cvmfs/cms.cern.ch/slc6_amd64_gcc491/external/gcc/4.9.1-cms/bin/../lib/gcc/:/cvmfs/cms.cern.ch/slc6_amd64_gcc491/external/gcc/4.9.1-cms/bin/../lib/gcc/x86_64-redhat-linux-gnu/4.9.1/../../../../lib64/:/lib/../lib64/:/usr/lib/../lib64/:/cvmfs/cms.cern.ch/slc6_amd64_gcc491/external/gcc/4.9.1-cms/bin/../lib/gcc/x86_64-redhat-linux-gnu/4.9.1/../../../../x86_64-redhat-linux-gnu/lib/:/cvmfs/cms.cern.ch/slc6_amd64_gcc491/external/gcc/4.9.1-cms/bin/../lib/gcc/x86_64-redhat-linux-gnu/4.9.1/../../../:/lib/:/usr/lib/]
  ignore line: [COLLECT_GCC_OPTIONS='-v' '-o' 'cmTryCompileExec1720299463' '-rdynamic' '-mtune=generic' '-march=x86-64']
  link line: [ /cvmfs/cms.cern.ch/slc6_amd64_gcc491/external/gcc/4.9.1-cms/bin/../libexec/gcc/x86_64-redhat-linux-gnu/4.9.1/collect2 -plugin /cvmfs/cms.cern.ch/slc6_amd64_gcc491/external/gcc/4.9.1-cms/bin/../libexec/gcc/x86_64-redhat-linux-gnu/4.9.1/liblto_plugin.so -plugin-opt=/cvmfs/cms.cern.ch/slc6_amd64_gcc491/external/gcc/4.9.1-cms/bin/../libexec/gcc/x86_64-redhat-linux-gnu/4.9.1/lto-wrapper -plugin-opt=-fresolution=/tmp/ccKNqGaV.res -plugin-opt=-pass-through=-lgcc -plugin-opt=-pass-through=-lgcc_s -plugin-opt=-pass-through=-lc -plugin-opt=-pass-through=-lgcc -plugin-opt=-pass-through=-lgcc_s --build-id --eh-frame-hdr --hash-style=gnu -m elf_x86_64 -export-dynamic -dynamic-linker /lib64/ld-linux-x86-64.so.2 -z common-page-size=4096 -z max-page-size=4096 -o cmTryCompileExec1720299463 /usr/lib/../lib64/crt1.o /usr/lib/../lib64/crti.o /cvmfs/cms.cern.ch/slc6_amd64_gcc491/external/gcc/4.9.1-cms/bin/../lib/gcc/x86_64-redhat-linux-gnu/4.9.1/crtbegin.o -L/cvmfs/cms.cern.ch/slc6_amd64_gcc491/external/gcc/4.9.1-cms/bin/../lib/gcc/x86_64-redhat-linux-gnu/4.9.1 -L/cvmfs/cms.cern.ch/slc6_amd64_gcc491/external/gcc/4.9.1-cms/bin/../lib/gcc -L/cvmfs/cms.cern.ch/slc6_amd64_gcc491/external/gcc/4.9.1-cms/bin/../lib/gcc/x86_64-redhat-linux-gnu/4.9.1/../../../../lib64 -L/lib/../lib64 -L/usr/lib/../lib64 -L/cvmfs/cms.cern.ch/slc6_amd64_gcc491/external/gcc/4.9.1-cms/bin/../lib/gcc/x86_64-redhat-linux-gnu/4.9.1/../../../../x86_64-redhat-linux-gnu/lib -L/cvmfs/cms.cern.ch/slc6_amd64_gcc491/external/gcc/4.9.1-cms/bin/../lib/gcc/x86_64-redhat-linux-gnu/4.9.1/../../.. CMakeFiles/cmTryCompileExec1720299463.dir/CMakeCCompilerABI.c.o -lgcc --as-needed -lgcc_s --no-as-needed -lc -lgcc --as-needed -lgcc_s --no-as-needed /cvmfs/cms.cern.ch/slc6_amd64_gcc491/external/gcc/4.9.1-cms/bin/../lib/gcc/x86_64-redhat-linux-gnu/4.9.1/crtend.o /usr/lib/../lib64/crtn.o]
    arg [/cvmfs/cms.cern.ch/slc6_amd64_gcc491/external/gcc/4.9.1-cms/bin/../libexec/gcc/x86_64-redhat-linux-gnu/4.9.1/collect2] ==> ignore
    arg [-plugin] ==> ignore
    arg [/cvmfs/cms.cern.ch/slc6_amd64_gcc491/external/gcc/4.9.1-cms/bin/../libexec/gcc/x86_64-redhat-linux-gnu/4.9.1/liblto_plugin.so] ==> ignore
    arg [-plugin-opt=/cvmfs/cms.cern.ch/slc6_amd64_gcc491/external/gcc/4.9.1-cms/bin/../libexec/gcc/x86_64-redhat-linux-gnu/4.9.1/lto-wrapper] ==> ignore
    arg [-plugin-opt=-fresolution=/tmp/ccKNqGaV.res] ==> ignore
    arg [-plugin-opt=-pass-through=-lgcc] ==> ignore
    arg [-plugin-opt=-pass-through=-lgcc_s] ==> ignore
    arg [-plugin-opt=-pass-through=-lc] ==> ignore
    arg [-plugin-opt=-pass-through=-lgcc] ==> ignore
    arg [-plugin-opt=-pass-through=-lgcc_s] ==> ignore
    arg [--build-id] ==> ignore
    arg [--eh-frame-hdr] ==> ignore
    arg [--hash-style=gnu] ==> ignore
    arg [-m] ==> ignore
    arg [elf_x86_64] ==> ignore
    arg [-export-dynamic] ==> ignore
    arg [-dynamic-linker] ==> ignore
    arg [/lib64/ld-linux-x86-64.so.2] ==> ignore
    arg [-zcommon-page-size=4096] ==> ignore
    arg [-zmax-page-size=4096] ==> ignore
    arg [-o] ==> ignore
    arg [cmTryCompileExec1720299463] ==> ignore
    arg [/usr/lib/../lib64/crt1.o] ==> ignore
    arg [/usr/lib/../lib64/crti.o] ==> ignore
    arg [/cvmfs/cms.cern.ch/slc6_amd64_gcc491/external/gcc/4.9.1-cms/bin/../lib/gcc/x86_64-redhat-linux-gnu/4.9.1/crtbegin.o] ==> ignore
    arg [-L/cvmfs/cms.cern.ch/slc6_amd64_gcc491/external/gcc/4.9.1-cms/bin/../lib/gcc/x86_64-redhat-linux-gnu/4.9.1] ==> dir [/cvmfs/cms.cern.ch/slc6_amd64_gcc491/external/gcc/4.9.1-cms/bin/../lib/gcc/x86_64-redhat-linux-gnu/4.9.1]
    arg [-L/cvmfs/cms.cern.ch/slc6_amd64_gcc491/external/gcc/4.9.1-cms/bin/../lib/gcc] ==> dir [/cvmfs/cms.cern.ch/slc6_amd64_gcc491/external/gcc/4.9.1-cms/bin/../lib/gcc]
    arg [-L/cvmfs/cms.cern.ch/slc6_amd64_gcc491/external/gcc/4.9.1-cms/bin/../lib/gcc/x86_64-redhat-linux-gnu/4.9.1/../../../../lib64] ==> dir [/cvmfs/cms.cern.ch/slc6_amd64_gcc491/external/gcc/4.9.1-cms/bin/../lib/gcc/x86_64-redhat-linux-gnu/4.9.1/../../../../lib64]
    arg [-L/lib/../lib64] ==> dir [/lib/../lib64]
    arg [-L/usr/lib/../lib64] ==> dir [/usr/lib/../lib64]
    arg [-L/cvmfs/cms.cern.ch/slc6_amd64_gcc491/external/gcc/4.9.1-cms/bin/../lib/gcc/x86_64-redhat-linux-gnu/4.9.1/../../../../x86_64-redhat-linux-gnu/lib] ==> dir [/cvmfs/cms.cern.ch/slc6_amd64_gcc491/external/gcc/4.9.1-cms/bin/../lib/gcc/x86_64-redhat-linux-gnu/4.9.1/../../../../x86_64-redhat-linux-gnu/lib]
    arg [-L/cvmfs/cms.cern.ch/slc6_amd64_gcc491/external/gcc/4.9.1-cms/bin/../lib/gcc/x86_64-redhat-linux-gnu/4.9.1/../../..] ==> dir [/cvmfs/cms.cern.ch/slc6_amd64_gcc491/external/gcc/4.9.1-cms/bin/../lib/gcc/x86_64-redhat-linux-gnu/4.9.1/../../..]
    arg [CMakeFiles/cmTryCompileExec1720299463.dir/CMakeCCompilerABI.c.o] ==> ignore
    arg [-lgcc] ==> lib [gcc]
    arg [--as-needed] ==> ignore
    arg [-lgcc_s] ==> lib [gcc_s]
    arg [--no-as-needed] ==> ignore
    arg [-lc] ==> lib [c]
    arg [-lgcc] ==> lib [gcc]
    arg [--as-needed] ==> ignore
    arg [-lgcc_s] ==> lib [gcc_s]
    arg [--no-as-needed] ==> ignore
    arg [/cvmfs/cms.cern.ch/slc6_amd64_gcc491/external/gcc/4.9.1-cms/bin/../lib/gcc/x86_64-redhat-linux-gnu/4.9.1/crtend.o] ==> ignore
    arg [/usr/lib/../lib64/crtn.o] ==> ignore
  remove lib [gcc]
  remove lib [gcc_s]
  remove lib [gcc]
  remove lib [gcc_s]
  collapse dir [/cvmfs/cms.cern.ch/slc6_amd64_gcc491/external/gcc/4.9.1-cms/bin/../lib/gcc/x86_64-redhat-linux-gnu/4.9.1] ==> [/cvmfs/cms.cern.ch/slc6_amd64_gcc491/external/gcc/4.9.1-cms/lib/gcc/x86_64-redhat-linux-gnu/4.9.1]
  collapse dir [/cvmfs/cms.cern.ch/slc6_amd64_gcc491/external/gcc/4.9.1-cms/bin/../lib/gcc] ==> [/cvmfs/cms.cern.ch/slc6_amd64_gcc491/external/gcc/4.9.1-cms/lib/gcc]
  collapse dir [/cvmfs/cms.cern.ch/slc6_amd64_gcc491/external/gcc/4.9.1-cms/bin/../lib/gcc/x86_64-redhat-linux-gnu/4.9.1/../../../../lib64] ==> [/cvmfs/cms.cern.ch/slc6_amd64_gcc491/external/gcc/4.9.1-cms/lib64]
  collapse dir [/lib/../lib64] ==> [/lib64]
  collapse dir [/usr/lib/../lib64] ==> [/usr/lib64]
  collapse dir [/cvmfs/cms.cern.ch/slc6_amd64_gcc491/external/gcc/4.9.1-cms/bin/../lib/gcc/x86_64-redhat-linux-gnu/4.9.1/../../../../x86_64-redhat-linux-gnu/lib] ==> [/cvmfs/cms.cern.ch/slc6_amd64_gcc491/external/gcc/4.9.1-cms/x86_64-redhat-linux-gnu/lib]
  collapse dir [/cvmfs/cms.cern.ch/slc6_amd64_gcc491/external/gcc/4.9.1-cms/bin/../lib/gcc/x86_64-redhat-linux-gnu/4.9.1/../../..] ==> [/cvmfs/cms.cern.ch/slc6_amd64_gcc491/external/gcc/4.9.1-cms/lib]
  implicit libs: [c]
  implicit dirs: [/cvmfs/cms.cern.ch/slc6_amd64_gcc491/external/gcc/4.9.1-cms/lib/gcc/x86_64-redhat-linux-gnu/4.9.1;/cvmfs/cms.cern.ch/slc6_amd64_gcc491/external/gcc/4.9.1-cms/lib/gcc;/cvmfs/cms.cern.ch/slc6_amd64_gcc491/external/gcc/4.9.1-cms/lib64;/lib64;/usr/lib64;/cvmfs/cms.cern.ch/slc6_amd64_gcc491/external/gcc/4.9.1-cms/x86_64-redhat-linux-gnu/lib;/cvmfs/cms.cern.ch/slc6_amd64_gcc491/external/gcc/4.9.1-cms/lib]


Determining if the CXX compiler works passed with the following output:
Change Dir: /home/ahorst/UMDSRDGEStudy/CMakeFiles/CMakeTmp

Run Build Command:/cvmfs/cms.cern.ch/slc6_amd64_gcc491/cms/cmssw/CMSSW_7_4_0/external/slc6_amd64_gcc491/bin/gmake "cmTryCompileExec1100175583/fast"
/cvmfs/cms.cern.ch/slc6_amd64_gcc491/cms/cmssw/CMSSW_7_4_0/external/slc6_amd64_gcc491/bin/gmake -f CMakeFiles/cmTryCompileExec1100175583.dir/build.make CMakeFiles/cmTryCompileExec1100175583.dir/build
gmake: Warning: File `Makefile' has modification time 16 s in the future
gmake[1]: Entering directory `/home/ahorst/UMDSRDGEStudy/CMakeFiles/CMakeTmp'
gmake[1]: Warning: File `CMakeFiles/cmTryCompileExec1100175583.dir/flags.make' has modification time 16 s in the future
/cvmfs/cms.cern.ch/slc6_amd64_gcc491/external/cmake/2.8.10-cms/bin/cmake -E cmake_progress_report /home/ahorst/UMDSRDGEStudy/CMakeFiles/CMakeTmp/CMakeFiles 1
Building CXX object CMakeFiles/cmTryCompileExec1100175583.dir/testCXXCompiler.cxx.o
/cvmfs/cms.cern.ch/slc6_amd64_gcc491/external/gcc/4.9.1-cms/bin/c++     -o CMakeFiles/cmTryCompileExec1100175583.dir/testCXXCompiler.cxx.o -c /home/ahorst/UMDSRDGEStudy/CMakeFiles/CMakeTmp/testCXXCompiler.cxx
Linking CXX executable cmTryCompileExec1100175583
/cvmfs/cms.cern.ch/slc6_amd64_gcc491/external/cmake/2.8.10-cms/bin/cmake -E cmake_link_script CMakeFiles/cmTryCompileExec1100175583.dir/link.txt --verbose=1
/cvmfs/cms.cern.ch/slc6_amd64_gcc491/external/gcc/4.9.1-cms/bin/c++          CMakeFiles/cmTryCompileExec1100175583.dir/testCXXCompiler.cxx.o  -o cmTryCompileExec1100175583 -rdynamic 
gmake[1]: Leaving directory `/home/ahorst/UMDSRDGEStudy/CMakeFiles/CMakeTmp'
gmake[1]: warning:  Clock skew detected.  Your build may be incomplete.
gmake: warning:  Clock skew detected.  Your build may be incomplete.


Detecting CXX compiler ABI info compiled with the following output:
Change Dir: /home/ahorst/UMDSRDGEStudy/CMakeFiles/CMakeTmp

Run Build Command:/cvmfs/cms.cern.ch/slc6_amd64_gcc491/cms/cmssw/CMSSW_7_4_0/external/slc6_amd64_gcc491/bin/gmake "cmTryCompileExec3896538296/fast"
/cvmfs/cms.cern.ch/slc6_amd64_gcc491/cms/cmssw/CMSSW_7_4_0/external/slc6_amd64_gcc491/bin/gmake -f CMakeFiles/cmTryCompileExec3896538296.dir/build.make CMakeFiles/cmTryCompileExec3896538296.dir/build
gmake: Warning: File `Makefile' has modification time 16 s in the future
gmake[1]: Entering directory `/home/ahorst/UMDSRDGEStudy/CMakeFiles/CMakeTmp'
gmake[1]: Warning: File `CMakeFiles/cmTryCompileExec3896538296.dir/flags.make' has modification time 16 s in the future
/cvmfs/cms.cern.ch/slc6_amd64_gcc491/external/cmake/2.8.10-cms/bin/cmake -E cmake_progress_report /home/ahorst/UMDSRDGEStudy/CMakeFiles/CMakeTmp/CMakeFiles 1
Building CXX object CMakeFiles/cmTryCompileExec3896538296.dir/CMakeCXXCompilerABI.cpp.o
/cvmfs/cms.cern.ch/slc6_amd64_gcc491/external/gcc/4.9.1-cms/bin/c++     -o CMakeFiles/cmTryCompileExec3896538296.dir/CMakeCXXCompilerABI.cpp.o -c /cvmfs/cms.cern.ch/slc6_amd64_gcc491/external/cmake/2.8.10-cms/share/cmake-2.8/Modules/CMakeCXXCompilerABI.cpp
Linking CXX executable cmTryCompileExec3896538296
/cvmfs/cms.cern.ch/slc6_amd64_gcc491/external/cmake/2.8.10-cms/bin/cmake -E cmake_link_script CMakeFiles/cmTryCompileExec3896538296.dir/link.txt --verbose=1
/cvmfs/cms.cern.ch/slc6_amd64_gcc491/external/gcc/4.9.1-cms/bin/c++        -v CMakeFiles/cmTryCompileExec3896538296.dir/CMakeCXXCompilerABI.cpp.o  -o cmTryCompileExec3896538296 -rdynamic  
Using built-in specs.
COLLECT_GCC=/cvmfs/cms.cern.ch/slc6_amd64_gcc491/external/gcc/4.9.1-cms/bin/c++
COLLECT_LTO_WRAPPER=/cvmfs/cms.cern.ch/slc6_amd64_gcc491/external/gcc/4.9.1-cms/bin/../libexec/gcc/x86_64-redhat-linux-gnu/4.9.1/lto-wrapper
Target: x86_64-redhat-linux-gnu
Configured with: ../configure --prefix=/build/dmendezl/CMSSW_7_2_0_pre4-build/tmp/BUILDROOT/339bf9a4281bb3f3d22291ab510a30f8/opt/cmssw/slc6_amd64_gcc491/external/gcc/4.9.1-cms --disable-multilib --disable-nls --with-system-zlib --disable-dssi --enable-languages=c,c++,fortran --enable-__cxa_atexit --disable-libunwind-exceptions --enable-gnu-unique-object --enable-plugin --with-linker-hash-style=gnu --enable-linker-build-id --enable-gold=yes --enable-ld=default --enable-lto --with-gmp=/build/dmendezl/CMSSW_7_2_0_pre4-build/tmp/BUILDROOT/339bf9a4281bb3f3d22291ab510a30f8/opt/cmssw/slc6_amd64_gcc491/external/gcc/4.9.1-cms --with-mpfr=/build/dmendezl/CMSSW_7_2_0_pre4-build/tmp/BUILDROOT/339bf9a4281bb3f3d22291ab510a30f8/opt/cmssw/slc6_amd64_gcc491/external/gcc/4.9.1-cms --with-mpc=/build/dmendezl/CMSSW_7_2_0_pre4-build/tmp/BUILDROOT/339bf9a4281bb3f3d22291ab510a30f8/opt/cmssw/slc6_amd64_gcc491/external/gcc/4.9.1-cms --with-isl=/build/dmendezl/CMSSW_7_2_0_pre4-build/tmp/BUILDROOT/339bf9a4281bb3f3d22291ab510a30f8/opt/cmssw/slc6_amd64_gcc491/external/gcc/4.9.1-cms --with-cloog=/build/dmendezl/CMSSW_7_2_0_pre4-build/tmp/BUILDROOT/339bf9a4281bb3f3d22291ab510a30f8/opt/cmssw/slc6_amd64_gcc491/external/gcc/4.9.1-cms --enable-checking=release --build=x86_64-redhat-linux-gnu --host=x86_64-redhat-linux-gnu --enable-libstdcxx-time=rt --enable-shared CC='gcc -fPIC' CXX='c++ -fPIC' CPP=cpp CXXCPP='c++ -E' CFLAGS=-I/build/dmendezl/CMSSW_7_2_0_pre4-build/tmp/BUILDROOT/339bf9a4281bb3f3d22291ab510a30f8/opt/cmssw/slc6_amd64_gcc491/external/gcc/4.9.1-cms/tmp/sw/include CXXFLAGS=-I/build/dmendezl/CMSSW_7_2_0_pre4-build/tmp/BUILDROOT/339bf9a4281bb3f3d22291ab510a30f8/opt/cmssw/slc6_amd64_gcc491/external/gcc/4.9.1-cms/tmp/sw/include LDFLAGS=-L/build/dmendezl/CMSSW_7_2_0_pre4-build/tmp/BUILDROOT/339bf9a4281bb3f3d22291ab510a30f8/opt/cmssw/slc6_amd64_gcc491/external/gcc/4.9.1-cms/tmp/sw/lib
Thread model: posix
gcc version 4.9.1 (GCC) 
COMPILER_PATH=/cvmfs/cms.cern.ch/slc6_amd64_gcc491/external/gcc/4.9.1-cms/bin/../libexec/gcc/x86_64-redhat-linux-gnu/4.9.1/:/cvmfs/cms.cern.ch/slc6_amd64_gcc491/external/gcc/4.9.1-cms/bin/../libexec/gcc/:/cvmfs/cms.cern.ch/slc6_amd64_gcc491/external/gcc/4.9.1-cms/bin/../lib/gcc/x86_64-redhat-linux-gnu/4.9.1/../../../../x86_64-redhat-linux-gnu/bin/
LIBRARY_PATH=/cvmfs/cms.cern.ch/slc6_amd64_gcc491/external/gcc/4.9.1-cms/bin/../lib/gcc/x86_64-redhat-linux-gnu/4.9.1/:/cvmfs/cms.cern.ch/slc6_amd64_gcc491/external/gcc/4.9.1-cms/bin/../lib/gcc/:/cvmfs/cms.cern.ch/slc6_amd64_gcc491/external/gcc/4.9.1-cms/bin/../lib/gcc/x86_64-redhat-linux-gnu/4.9.1/../../../../lib64/:/lib/../lib64/:/usr/lib/../lib64/:/cvmfs/cms.cern.ch/slc6_amd64_gcc491/external/gcc/4.9.1-cms/bin/../lib/gcc/x86_64-redhat-linux-gnu/4.9.1/../../../../x86_64-redhat-linux-gnu/lib/:/cvmfs/cms.cern.ch/slc6_amd64_gcc491/external/gcc/4.9.1-cms/bin/../lib/gcc/x86_64-redhat-linux-gnu/4.9.1/../../../:/lib/:/usr/lib/
COLLECT_GCC_OPTIONS='-v' '-o' 'cmTryCompileExec3896538296' '-rdynamic' '-shared-libgcc' '-mtune=generic' '-march=x86-64'
 /cvmfs/cms.cern.ch/slc6_amd64_gcc491/external/gcc/4.9.1-cms/bin/../libexec/gcc/x86_64-redhat-linux-gnu/4.9.1/collect2 -plugin /cvmfs/cms.cern.ch/slc6_amd64_gcc491/external/gcc/4.9.1-cms/bin/../libexec/gcc/x86_64-redhat-linux-gnu/4.9.1/liblto_plugin.so -plugin-opt=/cvmfs/cms.cern.ch/slc6_amd64_gcc491/external/gcc/4.9.1-cms/bin/../libexec/gcc/x86_64-redhat-linux-gnu/4.9.1/lto-wrapper -plugin-opt=-fresolution=/tmp/ccrDmsof.res -plugin-opt=-pass-through=-lgcc_s -plugin-opt=-pass-through=-lgcc -plugin-opt=-pass-through=-lc -plugin-opt=-pass-through=-lgcc_s -plugin-opt=-pass-through=-lgcc --build-id --eh-frame-hdr --hash-style=gnu -m elf_x86_64 -export-dynamic -dynamic-linker /lib64/ld-linux-x86-64.so.2 -z common-page-size=4096 -z max-page-size=4096 -o cmTryCompileExec3896538296 /usr/lib/../lib64/crt1.o /usr/lib/../lib64/crti.o /cvmfs/cms.cern.ch/slc6_amd64_gcc491/external/gcc/4.9.1-cms/bin/../lib/gcc/x86_64-redhat-linux-gnu/4.9.1/crtbegin.o -L/cvmfs/cms.cern.ch/slc6_amd64_gcc491/external/gcc/4.9.1-cms/bin/../lib/gcc/x86_64-redhat-linux-gnu/4.9.1 -L/cvmfs/cms.cern.ch/slc6_amd64_gcc491/external/gcc/4.9.1-cms/bin/../lib/gcc -L/cvmfs/cms.cern.ch/slc6_amd64_gcc491/external/gcc/4.9.1-cms/bin/../lib/gcc/x86_64-redhat-linux-gnu/4.9.1/../../../../lib64 -L/lib/../lib64 -L/usr/lib/../lib64 -L/cvmfs/cms.cern.ch/slc6_amd64_gcc491/external/gcc/4.9.1-cms/bin/../lib/gcc/x86_64-redhat-linux-gnu/4.9.1/../../../../x86_64-redhat-linux-gnu/lib -L/cvmfs/cms.cern.ch/slc6_amd64_gcc491/external/gcc/4.9.1-cms/bin/../lib/gcc/x86_64-redhat-linux-gnu/4.9.1/../../.. CMakeFiles/cmTryCompileExec3896538296.dir/CMakeCXXCompilerABI.cpp.o -lstdc++ -lm -lgcc_s -lgcc -lc -lgcc_s -lgcc /cvmfs/cms.cern.ch/slc6_amd64_gcc491/external/gcc/4.9.1-cms/bin/../lib/gcc/x86_64-redhat-linux-gnu/4.9.1/crtend.o /usr/lib/../lib64/crtn.o
gmake[1]: Leaving directory `/home/ahorst/UMDSRDGEStudy/CMakeFiles/CMakeTmp'
gmake[1]: warning:  Clock skew detected.  Your build may be incomplete.
gmake: warning:  Clock skew detected.  Your build may be incomplete.


Parsed CXX implicit link information from above output:
  link line regex: [^( *|.*[/\])(ld|ld|collect2)[^/\]*( |$)]
  ignore line: [Change Dir: /home/ahorst/UMDSRDGEStudy/CMakeFiles/CMakeTmp]
  ignore line: []
  ignore line: [Run Build Command:/cvmfs/cms.cern.ch/slc6_amd64_gcc491/cms/cmssw/CMSSW_7_4_0/external/slc6_amd64_gcc491/bin/gmake "cmTryCompileExec3896538296/fast"]
  ignore line: [/cvmfs/cms.cern.ch/slc6_amd64_gcc491/cms/cmssw/CMSSW_7_4_0/external/slc6_amd64_gcc491/bin/gmake -f CMakeFiles/cmTryCompileExec3896538296.dir/build.make CMakeFiles/cmTryCompileExec3896538296.dir/build]
  ignore line: [gmake: Warning: File `Makefile' has modification time 16 s in the future]
  ignore line: [gmake[1]: Entering directory `/home/ahorst/UMDSRDGEStudy/CMakeFiles/CMakeTmp']
  ignore line: [gmake[1]: Warning: File `CMakeFiles/cmTryCompileExec3896538296.dir/flags.make' has modification time 16 s in the future]
  ignore line: [/cvmfs/cms.cern.ch/slc6_amd64_gcc491/external/cmake/2.8.10-cms/bin/cmake -E cmake_progress_report /home/ahorst/UMDSRDGEStudy/CMakeFiles/CMakeTmp/CMakeFiles 1]
  ignore line: [Building CXX object CMakeFiles/cmTryCompileExec3896538296.dir/CMakeCXXCompilerABI.cpp.o]
  ignore line: [/cvmfs/cms.cern.ch/slc6_amd64_gcc491/external/gcc/4.9.1-cms/bin/c++     -o CMakeFiles/cmTryCompileExec3896538296.dir/CMakeCXXCompilerABI.cpp.o -c /cvmfs/cms.cern.ch/slc6_amd64_gcc491/external/cmake/2.8.10-cms/share/cmake-2.8/Modules/CMakeCXXCompilerABI.cpp]
  ignore line: [Linking CXX executable cmTryCompileExec3896538296]
  ignore line: [/cvmfs/cms.cern.ch/slc6_amd64_gcc491/external/cmake/2.8.10-cms/bin/cmake -E cmake_link_script CMakeFiles/cmTryCompileExec3896538296.dir/link.txt --verbose=1]
  ignore line: [/cvmfs/cms.cern.ch/slc6_amd64_gcc491/external/gcc/4.9.1-cms/bin/c++        -v CMakeFiles/cmTryCompileExec3896538296.dir/CMakeCXXCompilerABI.cpp.o  -o cmTryCompileExec3896538296 -rdynamic  ]
  ignore line: [Using built-in specs.]
  ignore line: [COLLECT_GCC=/cvmfs/cms.cern.ch/slc6_amd64_gcc491/external/gcc/4.9.1-cms/bin/c++]
  ignore line: [COLLECT_LTO_WRAPPER=/cvmfs/cms.cern.ch/slc6_amd64_gcc491/external/gcc/4.9.1-cms/bin/../libexec/gcc/x86_64-redhat-linux-gnu/4.9.1/lto-wrapper]
  ignore line: [Target: x86_64-redhat-linux-gnu]
  ignore line: [Configured with: ../configure --prefix=/build/dmendezl/CMSSW_7_2_0_pre4-build/tmp/BUILDROOT/339bf9a4281bb3f3d22291ab510a30f8/opt/cmssw/slc6_amd64_gcc491/external/gcc/4.9.1-cms --disable-multilib --disable-nls --with-system-zlib --disable-dssi --enable-languages=c,c++,fortran --enable-__cxa_atexit --disable-libunwind-exceptions --enable-gnu-unique-object --enable-plugin --with-linker-hash-style=gnu --enable-linker-build-id --enable-gold=yes --enable-ld=default --enable-lto --with-gmp=/build/dmendezl/CMSSW_7_2_0_pre4-build/tmp/BUILDROOT/339bf9a4281bb3f3d22291ab510a30f8/opt/cmssw/slc6_amd64_gcc491/external/gcc/4.9.1-cms --with-mpfr=/build/dmendezl/CMSSW_7_2_0_pre4-build/tmp/BUILDROOT/339bf9a4281bb3f3d22291ab510a30f8/opt/cmssw/slc6_amd64_gcc491/external/gcc/4.9.1-cms --with-mpc=/build/dmendezl/CMSSW_7_2_0_pre4-build/tmp/BUILDROOT/339bf9a4281bb3f3d22291ab510a30f8/opt/cmssw/slc6_amd64_gcc491/external/gcc/4.9.1-cms --with-isl=/build/dmendezl/CMSSW_7_2_0_pre4-build/tmp/BUILDROOT/339bf9a4281bb3f3d22291ab510a30f8/opt/cmssw/slc6_amd64_gcc491/external/gcc/4.9.1-cms --with-cloog=/build/dmendezl/CMSSW_7_2_0_pre4-build/tmp/BUILDROOT/339bf9a4281bb3f3d22291ab510a30f8/opt/cmssw/slc6_amd64_gcc491/external/gcc/4.9.1-cms --enable-checking=release --build=x86_64-redhat-linux-gnu --host=x86_64-redhat-linux-gnu --enable-libstdcxx-time=rt --enable-shared CC='gcc -fPIC' CXX='c++ -fPIC' CPP=cpp CXXCPP='c++ -E' CFLAGS=-I/build/dmendezl/CMSSW_7_2_0_pre4-build/tmp/BUILDROOT/339bf9a4281bb3f3d22291ab510a30f8/opt/cmssw/slc6_amd64_gcc491/external/gcc/4.9.1-cms/tmp/sw/include CXXFLAGS=-I/build/dmendezl/CMSSW_7_2_0_pre4-build/tmp/BUILDROOT/339bf9a4281bb3f3d22291ab510a30f8/opt/cmssw/slc6_amd64_gcc491/external/gcc/4.9.1-cms/tmp/sw/include LDFLAGS=-L/build/dmendezl/CMSSW_7_2_0_pre4-build/tmp/BUILDROOT/339bf9a4281bb3f3d22291ab510a30f8/opt/cmssw/slc6_amd64_gcc491/external/gcc/4.9.1-cms/tmp/sw/lib]
  ignore line: [Thread model: posix]
  ignore line: [gcc version 4.9.1 (GCC) ]
  ignore line: [COMPILER_PATH=/cvmfs/cms.cern.ch/slc6_amd64_gcc491/external/gcc/4.9.1-cms/bin/../libexec/gcc/x86_64-redhat-linux-gnu/4.9.1/:/cvmfs/cms.cern.ch/slc6_amd64_gcc491/external/gcc/4.9.1-cms/bin/../libexec/gcc/:/cvmfs/cms.cern.ch/slc6_amd64_gcc491/external/gcc/4.9.1-cms/bin/../lib/gcc/x86_64-redhat-linux-gnu/4.9.1/../../../../x86_64-redhat-linux-gnu/bin/]
  ignore line: [LIBRARY_PATH=/cvmfs/cms.cern.ch/slc6_amd64_gcc491/external/gcc/4.9.1-cms/bin/../lib/gcc/x86_64-redhat-linux-gnu/4.9.1/:/cvmfs/cms.cern.ch/slc6_amd64_gcc491/external/gcc/4.9.1-cms/bin/../lib/gcc/:/cvmfs/cms.cern.ch/slc6_amd64_gcc491/external/gcc/4.9.1-cms/bin/../lib/gcc/x86_64-redhat-linux-gnu/4.9.1/../../../../lib64/:/lib/../lib64/:/usr/lib/../lib64/:/cvmfs/cms.cern.ch/slc6_amd64_gcc491/external/gcc/4.9.1-cms/bin/../lib/gcc/x86_64-redhat-linux-gnu/4.9.1/../../../../x86_64-redhat-linux-gnu/lib/:/cvmfs/cms.cern.ch/slc6_amd64_gcc491/external/gcc/4.9.1-cms/bin/../lib/gcc/x86_64-redhat-linux-gnu/4.9.1/../../../:/lib/:/usr/lib/]
  ignore line: [COLLECT_GCC_OPTIONS='-v' '-o' 'cmTryCompileExec3896538296' '-rdynamic' '-shared-libgcc' '-mtune=generic' '-march=x86-64']
  link line: [ /cvmfs/cms.cern.ch/slc6_amd64_gcc491/external/gcc/4.9.1-cms/bin/../libexec/gcc/x86_64-redhat-linux-gnu/4.9.1/collect2 -plugin /cvmfs/cms.cern.ch/slc6_amd64_gcc491/external/gcc/4.9.1-cms/bin/../libexec/gcc/x86_64-redhat-linux-gnu/4.9.1/liblto_plugin.so -plugin-opt=/cvmfs/cms.cern.ch/slc6_amd64_gcc491/external/gcc/4.9.1-cms/bin/../libexec/gcc/x86_64-redhat-linux-gnu/4.9.1/lto-wrapper -plugin-opt=-fresolution=/tmp/ccrDmsof.res -plugin-opt=-pass-through=-lgcc_s -plugin-opt=-pass-through=-lgcc -plugin-opt=-pass-through=-lc -plugin-opt=-pass-through=-lgcc_s -plugin-opt=-pass-through=-lgcc --build-id --eh-frame-hdr --hash-style=gnu -m elf_x86_64 -export-dynamic -dynamic-linker /lib64/ld-linux-x86-64.so.2 -z common-page-size=4096 -z max-page-size=4096 -o cmTryCompileExec3896538296 /usr/lib/../lib64/crt1.o /usr/lib/../lib64/crti.o /cvmfs/cms.cern.ch/slc6_amd64_gcc491/external/gcc/4.9.1-cms/bin/../lib/gcc/x86_64-redhat-linux-gnu/4.9.1/crtbegin.o -L/cvmfs/cms.cern.ch/slc6_amd64_gcc491/external/gcc/4.9.1-cms/bin/../lib/gcc/x86_64-redhat-linux-gnu/4.9.1 -L/cvmfs/cms.cern.ch/slc6_amd64_gcc491/external/gcc/4.9.1-cms/bin/../lib/gcc -L/cvmfs/cms.cern.ch/slc6_amd64_gcc491/external/gcc/4.9.1-cms/bin/../lib/gcc/x86_64-redhat-linux-gnu/4.9.1/../../../../lib64 -L/lib/../lib64 -L/usr/lib/../lib64 -L/cvmfs/cms.cern.ch/slc6_amd64_gcc491/external/gcc/4.9.1-cms/bin/../lib/gcc/x86_64-redhat-linux-gnu/4.9.1/../../../../x86_64-redhat-linux-gnu/lib -L/cvmfs/cms.cern.ch/slc6_amd64_gcc491/external/gcc/4.9.1-cms/bin/../lib/gcc/x86_64-redhat-linux-gnu/4.9.1/../../.. CMakeFiles/cmTryCompileExec3896538296.dir/CMakeCXXCompilerABI.cpp.o -lstdc++ -lm -lgcc_s -lgcc -lc -lgcc_s -lgcc /cvmfs/cms.cern.ch/slc6_amd64_gcc491/external/gcc/4.9.1-cms/bin/../lib/gcc/x86_64-redhat-linux-gnu/4.9.1/crtend.o /usr/lib/../lib64/crtn.o]
    arg [/cvmfs/cms.cern.ch/slc6_amd64_gcc491/external/gcc/4.9.1-cms/bin/../libexec/gcc/x86_64-redhat-linux-gnu/4.9.1/collect2] ==> ignore
    arg [-plugin] ==> ignore
    arg [/cvmfs/cms.cern.ch/slc6_amd64_gcc491/external/gcc/4.9.1-cms/bin/../libexec/gcc/x86_64-redhat-linux-gnu/4.9.1/liblto_plugin.so] ==> ignore
    arg [-plugin-opt=/cvmfs/cms.cern.ch/slc6_amd64_gcc491/external/gcc/4.9.1-cms/bin/../libexec/gcc/x86_64-redhat-linux-gnu/4.9.1/lto-wrapper] ==> ignore
    arg [-plugin-opt=-fresolution=/tmp/ccrDmsof.res] ==> ignore
    arg [-plugin-opt=-pass-through=-lgcc_s] ==> ignore
    arg [-plugin-opt=-pass-through=-lgcc] ==> ignore
    arg [-plugin-opt=-pass-through=-lc] ==> ignore
    arg [-plugin-opt=-pass-through=-lgcc_s] ==> ignore
    arg [-plugin-opt=-pass-through=-lgcc] ==> ignore
    arg [--build-id] ==> ignore
    arg [--eh-frame-hdr] ==> ignore
    arg [--hash-style=gnu] ==> ignore
    arg [-m] ==> ignore
    arg [elf_x86_64] ==> ignore
    arg [-export-dynamic] ==> ignore
    arg [-dynamic-linker] ==> ignore
    arg [/lib64/ld-linux-x86-64.so.2] ==> ignore
    arg [-zcommon-page-size=4096] ==> ignore
    arg [-zmax-page-size=4096] ==> ignore
    arg [-o] ==> ignore
    arg [cmTryCompileExec3896538296] ==> ignore
    arg [/usr/lib/../lib64/crt1.o] ==> ignore
    arg [/usr/lib/../lib64/crti.o] ==> ignore
    arg [/cvmfs/cms.cern.ch/slc6_amd64_gcc491/external/gcc/4.9.1-cms/bin/../lib/gcc/x86_64-redhat-linux-gnu/4.9.1/crtbegin.o] ==> ignore
    arg [-L/cvmfs/cms.cern.ch/slc6_amd64_gcc491/external/gcc/4.9.1-cms/bin/../lib/gcc/x86_64-redhat-linux-gnu/4.9.1] ==> dir [/cvmfs/cms.cern.ch/slc6_amd64_gcc491/external/gcc/4.9.1-cms/bin/../lib/gcc/x86_64-redhat-linux-gnu/4.9.1]
    arg [-L/cvmfs/cms.cern.ch/slc6_amd64_gcc491/external/gcc/4.9.1-cms/bin/../lib/gcc] ==> dir [/cvmfs/cms.cern.ch/slc6_amd64_gcc491/external/gcc/4.9.1-cms/bin/../lib/gcc]
    arg [-L/cvmfs/cms.cern.ch/slc6_amd64_gcc491/external/gcc/4.9.1-cms/bin/../lib/gcc/x86_64-redhat-linux-gnu/4.9.1/../../../../lib64] ==> dir [/cvmfs/cms.cern.ch/slc6_amd64_gcc491/external/gcc/4.9.1-cms/bin/../lib/gcc/x86_64-redhat-linux-gnu/4.9.1/../../../../lib64]
    arg [-L/lib/../lib64] ==> dir [/lib/../lib64]
    arg [-L/usr/lib/../lib64] ==> dir [/usr/lib/../lib64]
    arg [-L/cvmfs/cms.cern.ch/slc6_amd64_gcc491/external/gcc/4.9.1-cms/bin/../lib/gcc/x86_64-redhat-linux-gnu/4.9.1/../../../../x86_64-redhat-linux-gnu/lib] ==> dir [/cvmfs/cms.cern.ch/slc6_amd64_gcc491/external/gcc/4.9.1-cms/bin/../lib/gcc/x86_64-redhat-linux-gnu/4.9.1/../../../../x86_64-redhat-linux-gnu/lib]
    arg [-L/cvmfs/cms.cern.ch/slc6_amd64_gcc491/external/gcc/4.9.1-cms/bin/../lib/gcc/x86_64-redhat-linux-gnu/4.9.1/../../..] ==> dir [/cvmfs/cms.cern.ch/slc6_amd64_gcc491/external/gcc/4.9.1-cms/bin/../lib/gcc/x86_64-redhat-linux-gnu/4.9.1/../../..]
    arg [CMakeFiles/cmTryCompileExec3896538296.dir/CMakeCXXCompilerABI.cpp.o] ==> ignore
    arg [-lstdc++] ==> lib [stdc++]
    arg [-lm] ==> lib [m]
    arg [-lgcc_s] ==> lib [gcc_s]
    arg [-lgcc] ==> lib [gcc]
    arg [-lc] ==> lib [c]
    arg [-lgcc_s] ==> lib [gcc_s]
    arg [-lgcc] ==> lib [gcc]
    arg [/cvmfs/cms.cern.ch/slc6_amd64_gcc491/external/gcc/4.9.1-cms/bin/../lib/gcc/x86_64-redhat-linux-gnu/4.9.1/crtend.o] ==> ignore
    arg [/usr/lib/../lib64/crtn.o] ==> ignore
  remove lib [gcc_s]
  remove lib [gcc]
  remove lib [gcc_s]
  remove lib [gcc]
  collapse dir [/cvmfs/cms.cern.ch/slc6_amd64_gcc491/external/gcc/4.9.1-cms/bin/../lib/gcc/x86_64-redhat-linux-gnu/4.9.1] ==> [/cvmfs/cms.cern.ch/slc6_amd64_gcc491/external/gcc/4.9.1-cms/lib/gcc/x86_64-redhat-linux-gnu/4.9.1]
  collapse dir [/cvmfs/cms.cern.ch/slc6_amd64_gcc491/external/gcc/4.9.1-cms/bin/../lib/gcc] ==> [/cvmfs/cms.cern.ch/slc6_amd64_gcc491/external/gcc/4.9.1-cms/lib/gcc]
  collapse dir [/cvmfs/cms.cern.ch/slc6_amd64_gcc491/external/gcc/4.9.1-cms/bin/../lib/gcc/x86_64-redhat-linux-gnu/4.9.1/../../../../lib64] ==> [/cvmfs/cms.cern.ch/slc6_amd64_gcc491/external/gcc/4.9.1-cms/lib64]
  collapse dir [/lib/../lib64] ==> [/lib64]
  collapse dir [/usr/lib/../lib64] ==> [/usr/lib64]
  collapse dir [/cvmfs/cms.cern.ch/slc6_amd64_gcc491/external/gcc/4.9.1-cms/bin/../lib/gcc/x86_64-redhat-linux-gnu/4.9.1/../../../../x86_64-redhat-linux-gnu/lib] ==> [/cvmfs/cms.cern.ch/slc6_amd64_gcc491/external/gcc/4.9.1-cms/x86_64-redhat-linux-gnu/lib]
  collapse dir [/cvmfs/cms.cern.ch/slc6_amd64_gcc491/external/gcc/4.9.1-cms/bin/../lib/gcc/x86_64-redhat-linux-gnu/4.9.1/../../..] ==> [/cvmfs/cms.cern.ch/slc6_amd64_gcc491/external/gcc/4.9.1-cms/lib]
  implicit libs: [stdc++;m;c]
  implicit dirs: [/cvmfs/cms.cern.ch/slc6_amd64_gcc491/external/gcc/4.9.1-cms/lib/gcc/x86_64-redhat-linux-gnu/4.9.1;/cvmfs/cms.cern.ch/slc6_amd64_gcc491/external/gcc/4.9.1-cms/lib/gcc;/cvmfs/cms.cern.ch/slc6_amd64_gcc491/external/gcc/4.9.1-cms/lib64;/lib64;/usr/lib64;/cvmfs/cms.cern.ch/slc6_amd64_gcc491/external/gcc/4.9.1-cms/x86_64-redhat-linux-gnu/lib;/cvmfs/cms.cern.ch/slc6_amd64_gcc491/external/gcc/4.9.1-cms/lib]


